23:09:04 lane-8-grok compute-start pid=2163368
23:09:04 step 1/4 generating 500MB random dataset
23:09:09 step 1/4 done bytes=524288000
23:09:09 step 2/4 hashing 100x5MB chunks
23:09:09   hashed 0/100
23:09:09   hashed 10/100
23:09:09   hashed 20/100
23:09:09   hashed 30/100
23:09:10   hashed 40/100
23:09:10   hashed 50/100
23:09:11   hashed 60/100
23:09:11   hashed 70/100
23:09:11   hashed 80/100
23:09:12   hashed 90/100
23:09:12 step 2/4 done lines=100
23:09:12 step 3/4 running python analysis
23:09:12 step 3/4 done analysis.json=293B
23:09:12 step 4/4 final hash + cleanup
23:09:13 step 4/4 done final=faf1b252add937e1313f9960dcb35887c5e4143d274cf99ecc88ecb8a3f279d5
23:09:13 result.json written 263B
23:09:13 lane-8-grok compute-DONE
